<?xml version="1.0" encoding="UTF-8"?>
<!-- Generated by org.testng.reporters.JUnitXMLReporter -->
<testsuite ignored="0" hostname="LAPTOP-R52EH8U0" failures="1" tests="1" name="Default test(failed)" time="23.464" errors="0" timestamp="2022-02-07T21:19:03 IST">
  <testcase classname="testcases.Tc_001" name="irctcRegistration" time="16.747">
    <failure type="java.lang.Error" message="Unresolved compilation problem: 
	Syntax error, insert &amp;quot;;&amp;quot; to complete Statement
">
      <![CDATA[java.lang.Error: Unresolved compilation problem: 
Syntax error, insert ";" to complete Statement

at pom.pages.IrctcRegistrationPage.selectDateOfBirth_irctcReg(IrctcRegistrationPage.java:99)
at testcases.Tc_001.irctcRegistration(Tc_001.java:37)
at java.base/java.util.ArrayList.forEach(ArrayList.java:1541)
... Removed 27 stack frames]]>
    </failure>
  </testcase> <!-- irctcRegistration -->
</testsuite> <!-- Default test(failed) -->
